2025-03-10 08:15:22 INFO: System startup complete
2025-03-10 08:16:03 WARNING: Low disk space on /dev/sda1
2025-03-10 08:17:45 ERROR: Failed to connect to database
2025-03-10 08:18:50 INFO: Retrying connection
2025-03-10 08:19:22 WARNING: High memory usage detected
2025-03-10 08:20:30 ERROR: Timeout while reading configuration file
2025-03-10 08:21:55 INFO: User admin logged in
2025-03-10 08:23:10 CRITICAL: Database corrupted, initiating recovery
2025-03-10 08:24:18 INFO: Recovery process started
2025-03-10 08:25:47 WARNING: Disk usage reached 90%
2025-03-10 08:26:50 INFO: Recovery process completed successfully
2025-03-10 08:28:13 ERROR: Backup failed – permission denied
2025-03-10 08:29:25 WARNING: Network latency high
2025-03-10 08:30:40 INFO: System health stable
2025-03-10 08:31:50 ERROR: Unable to write to log file
2025-03-10 08:33:12 INFO: Scheduled task started
2025-03-10 08:34:55 WARNING: CPU temperature threshold reached
2025-03-10 08:36:10 ERROR: Service crash detected
2025-03-10 08:37:45 CRITICAL: Kernel panic – system halted
2025-03-10 08:38:20 INFO: Restart required after critical failure
